# JRE version: Java(TM) SE Runtime Environment (8.0_162-b12) (build 1.8.0_162-b12)
# Java VM: Java HotSpot(TM) 64-Bit Server VM (25.162-b12 mixed mode windows-amd64 compressed oops)
Heap:
 PSYoungGen      total 112128K, used 107667K [0x00000000d6000000, 0x00000000dd880000, 0x0000000100000000)
  eden space 100864K, 99% used [0x00000000d6000000,0x00000000dc1a3628,0x00000000dc280000)
  from space 11264K, 68% used [0x00000000dc280000,0x00000000dca01688,0x00000000dcd80000)
  to   space 9728K, 0% used [0x00000000dce00000,0x00000000dce00000,0x00000000dd780000)
 ParOldGen       total 61952K, used 18469K [0x0000000082000000, 0x0000000085c80000, 0x00000000d6000000)
  object space 61952K, 29% used [0x0000000082000000,0x00000000832095a8,0x0000000085c80000)
 Metaspace       used 43346K, capacity 45178K, committed 45440K, reserved 1089536K
  class space    used 5888K, capacity 6227K, committed 6272K, reserved 1048576K
GC Heap History (10 events):
Event: 10.456 GC heap before
{Heap before GC invocations=11 (full 1):
 PSYoungGen      total 112128K, used 11150K [0x00000000d6000000, 0x00000000dd880000, 0x0000000100000000)
  eden space 100864K, 2% used [0x00000000d6000000,0x00000000d62b97c8,0x00000000dc280000)
  from space 11264K, 74% used [0x00000000dc280000,0x00000000dcaaa2a0,0x00000000dcd80000)
  to   space 9728K, 0% used [0x00000000dce00000,0x00000000dce00000,0x00000000dd780000)
 ParOldGen       total 52736K, used 10467K [0x0000000082000000, 0x0000000085380000, 0x00000000d6000000)
  object space 52736K, 19% used [0x0000000082000000,0x0000000082a38db0,0x0000000085380000)
 Metaspace       used 34103K, capacity 35332K, committed 35456K, reserved 1079296K
  class space    used 4612K, capacity 4886K, committed 4992K, reserved 1048576K
Event: 10.461 GC heap after
Heap after GC invocations=11 (full 1):
 PSYoungGen      total 110592K, used 1973K [0x00000000d6000000, 0x00000000dd880000, 0x0000000100000000)
  eden space 100864K, 0% used [0x00000000d6000000,0x00000000d6000000,0x00000000dc280000)
  from space 9728K, 20% used [0x00000000dce00000,0x00000000dcfed6e8,0x00000000dd780000)
  to   space 11264K, 0% used [0x00000000dc280000,0x00000000dc280000,0x00000000dcd80000)
 ParOldGen       total 52736K, used 15379K [0x0000000082000000, 0x0000000085380000, 0x00000000d6000000)
  object space 52736K, 29% used [0x0000000082000000,0x0000000082f04d38,0x0000000085380000)
 Metaspace       used 34103K, capacity 35332K, committed 35456K, reserved 1079296K
  class space    used 4612K, capacity 4886K, committed 4992K, reserved 1048576K
}
Event: 10.461 GC heap before
{Heap before GC invocations=12 (full 2):
 PSYoungGen      total 110592K, used 1973K [0x00000000d6000000, 0x00000000dd880000, 0x0000000100000000)
  eden space 100864K, 0% used [0x00000000d6000000,0x00000000d6000000,0x00000000dc280000)
  from space 9728K, 20% used [0x00000000dce00000,0x00000000dcfed6e8,0x00000000dd780000)
  to   space 11264K, 0% used [0x00000000dc280000,0x00000000dc280000,0x00000000dcd80000)
 ParOldGen       total 52736K, used 15379K [0x0000000082000000, 0x0000000085380000, 0x00000000d6000000)
  object space 52736K, 29% used [0x0000000082000000,0x0000000082f04d38,0x0000000085380000)
 Metaspace       used 34103K, capacity 35332K, committed 35456K, reserved 1079296K
  class space    used 4612K, capacity 4886K, committed 4992K, reserved 1048576K
Event: 10.513 GC heap after
Heap after GC invocations=12 (full 2):
 PSYoungGen      total 110592K, used 0K [0x00000000d6000000, 0x00000000dd880000, 0x0000000100000000)
  eden space 100864K, 0% used [0x00000000d6000000,0x00000000d6000000,0x00000000dc280000)
  from space 9728K, 0% used [0x00000000dce00000,0x00000000dce00000,0x00000000dd780000)
  to   space 11264K, 0% used [0x00000000dc280000,0x00000000dc280000,0x00000000dcd80000)
 ParOldGen       total 61952K, used 13365K [0x0000000082000000, 0x0000000085c80000, 0x00000000d6000000)
  object space 61952K, 21% used [0x0000000082000000,0x0000000082d0d588,0x0000000085c80000)
 Metaspace       used 34103K, capacity 35332K, committed 35456K, reserved 1079296K
  class space    used 4612K, capacity 4886K, committed 4992K, reserved 1048576K
}
Event: 10.896 GC heap before
{Heap before GC invocations=13 (full 2):
 PSYoungGen      total 110592K, used 100864K [0x00000000d6000000, 0x00000000dd880000, 0x0000000100000000)
  eden space 100864K, 100% used [0x00000000d6000000,0x00000000dc280000,0x00000000dc280000)
  from space 9728K, 0% used [0x00000000dce00000,0x00000000dce00000,0x00000000dd780000)
  to   space 11264K, 0% used [0x00000000dc280000,0x00000000dc280000,0x00000000dcd80000)
 ParOldGen       total 61952K, used 13365K [0x0000000082000000, 0x0000000085c80000, 0x00000000d6000000)
  object space 61952K, 21% used [0x0000000082000000,0x0000000082d0d588,0x0000000085c80000)
 Metaspace       used 36559K, capacity 38058K, committed 38400K, reserved 1083392K
  class space    used 4959K, capacity 5257K, committed 5376K, reserved 1048576K
Event: 10.900 GC heap after
Heap after GC invocations=13 (full 2):
 PSYoungGen      total 112128K, used 6344K [0x00000000d6000000, 0x00000000dd880000, 0x0000000100000000)
  eden space 100864K, 0% used [0x00000000d6000000,0x00000000d6000000,0x00000000dc280000)
  from space 11264K, 56% used [0x00000000dc280000,0x00000000dc8b2100,0x00000000dcd80000)
  to   space 9728K, 0% used [0x00000000dce00000,0x00000000dce00000,0x00000000dd780000)
 ParOldGen       total 61952K, used 13373K [0x0000000082000000, 0x0000000085c80000, 0x00000000d6000000)
  object space 61952K, 21% used [0x0000000082000000,0x0000000082d0f588,0x0000000085c80000)
 Metaspace       used 36559K, capacity 38058K, committed 38400K, reserved 1083392K
  class space    used 4959K, capacity 5257K, committed 5376K, reserved 1048576K
}
Event: 11.308 GC heap before
{Heap before GC invocations=14 (full 2):
 PSYoungGen      total 112128K, used 107208K [0x00000000d6000000, 0x00000000dd880000, 0x0000000100000000)
  eden space 100864K, 100% used [0x00000000d6000000,0x00000000dc280000,0x00000000dc280000)
  from space 11264K, 56% used [0x00000000dc280000,0x00000000dc8b2100,0x00000000dcd80000)
  to   space 9728K, 0% used [0x00000000dce00000,0x00000000dce00000,0x00000000dd780000)
 ParOldGen       total 61952K, used 13373K [0x0000000082000000, 0x0000000085c80000, 0x00000000d6000000)
  object space 61952K, 21% used [0x0000000082000000,0x0000000082d0f588,0x0000000085c80000)
 Metaspace       used 39015K, capacity 40502K, committed 40704K, reserved 1085440K
  class space    used 5320K, capacity 5617K, committed 5632K, reserved 1048576K
Event: 11.313 GC heap after
Heap after GC invocations=14 (full 2):
 PSYoungGen      total 110592K, used 4455K [0x00000000d6000000, 0x00000000dd880000, 0x0000000100000000)
  eden space 100864K, 0% used [0x00000000d6000000,0x00000000d6000000,0x00000000dc280000)
  from space 9728K, 45% used [0x00000000dce00000,0x00000000dd259e70,0x00000000dd780000)
  to   space 11264K, 0% used [0x00000000dc280000,0x00000000dc280000,0x00000000dcd80000)
 ParOldGen       total 61952K, used 16029K [0x0000000082000000, 0x0000000085c80000, 0x00000000d6000000)
  object space 61952K, 25% used [0x0000000082000000,0x0000000082fa7588,0x0000000085c80000)
 Metaspace       used 39015K, capacity 40502K, committed 40704K, reserved 1085440K
  class space    used 5320K, capacity 5617K, committed 5632K, reserved 1048576K
}
Event: 11.851 GC heap before
{Heap before GC invocations=15 (full 2):
 PSYoungGen      total 110592K, used 105319K [0x00000000d6000000, 0x00000000dd880000, 0x0000000100000000)
  eden space 100864K, 100% used [0x00000000d6000000,0x00000000dc280000,0x00000000dc280000)
  from space 9728K, 45% used [0x00000000dce00000,0x00000000dd259e70,0x00000000dd780000)
  to   space 11264K, 0% used [0x00000000dc280000,0x00000000dc280000,0x00000000dcd80000)
 ParOldGen       total 61952K, used 16029K [0x0000000082000000, 0x0000000085c80000, 0x00000000d6000000)
  object space 61952K, 25% used [0x0000000082000000,0x0000000082fa7588,0x0000000085c80000)
 Metaspace       used 41607K, capacity 43446K, committed 43776K, reserved 1087488K
  class space    used 5697K, capacity 6059K, committed 6144K, reserved 1048576K
Event: 11.859 GC heap after
Heap after GC invocations=15 (full 2):
 PSYoungGen      total 112128K, used 7685K [0x00000000d6000000, 0x00000000dd880000, 0x0000000100000000)
  eden space 100864K, 0% used [0x00000000d6000000,0x00000000d6000000,0x00000000dc280000)
  from space 11264K, 68% used [0x00000000dc280000,0x00000000dca01688,0x00000000dcd80000)
  to   space 9728K, 0% used [0x00000000dce00000,0x00000000dce00000,0x00000000dd780000)
 ParOldGen       total 61952K, used 18469K [0x0000000082000000, 0x0000000085c80000, 0x00000000d6000000)
  object space 61952K, 29% used [0x0000000082000000,0x00000000832095a8,0x0000000085c80000)
 Metaspace       used 41607K, capacity 43446K, committed 43776K, reserved 1087488K
  class space    used 5697K, capacity 6059K, committed 6144K, reserved 1048576K
}

