# JRE version: Java(TM) SE Runtime Environment (8.0_162-b12) (build 1.8.0_162-b12)
# Java VM: Java HotSpot(TM) 64-Bit Server VM (25.162-b12 mixed mode windows-amd64 compressed oops)
Heap:
 PSYoungGen      total 275456K, used 54051K [0x00000000d6000000, 0x00000000e8700000, 0x0000000100000000)
  eden space 260096K, 16% used [0x00000000d6000000,0x00000000d8b1ea00,0x00000000e5e00000)
  from space 15360K, 64% used [0x00000000e5e00000,0x00000000e67aa520,0x00000000e6d00000)
  to   space 13312K, 0% used [0x00000000e6d00000,0x00000000e6d00000,0x00000000e7a00000)
 ParOldGen       total 75776K, used 32139K [0x0000000082000000, 0x0000000086a00000, 0x00000000d6000000)
  object space 75776K, 42% used [0x0000000082000000,0x0000000083f62f40,0x0000000086a00000)
 Metaspace       used 60200K, capacity 63056K, committed 63360K, reserved 1103872K
  class space    used 8263K, capacity 8757K, committed 8832K, reserved 1048576K
GC Heap History (10 events):
Event: 13.380 GC heap before
{Heap before GC invocations=12 (full 2):
 PSYoungGen      total 202752K, used 200142K [0x00000000d6000000, 0x00000000e7a00000, 0x0000000100000000)
  eden space 189952K, 100% used [0x00000000d6000000,0x00000000e1980000,0x00000000e1980000)
  from space 12800K, 79% used [0x00000000e1980000,0x00000000e23738f0,0x00000000e2600000)
  to   space 13312K, 0% used [0x00000000e6d00000,0x00000000e6d00000,0x00000000e7a00000)
 ParOldGen       total 75776K, used 15637K [0x0000000082000000, 0x0000000086a00000, 0x00000000d6000000)
  object space 75776K, 20% used [0x0000000082000000,0x0000000082f45608,0x0000000086a00000)
 Metaspace       used 42764K, capacity 44648K, committed 44928K, reserved 1087488K
  class space    used 5809K, capacity 6158K, committed 6272K, reserved 1048576K
Event: 13.404 GC heap after
Heap after GC invocations=12 (full 2):
 PSYoungGen      total 273408K, used 13302K [0x00000000d6000000, 0x00000000e8700000, 0x0000000100000000)
  eden space 260096K, 0% used [0x00000000d6000000,0x00000000d6000000,0x00000000e5e00000)
  from space 13312K, 99% used [0x00000000e6d00000,0x00000000e79fd9c8,0x00000000e7a00000)
  to   space 15360K, 0% used [0x00000000e5e00000,0x00000000e5e00000,0x00000000e6d00000)
 ParOldGen       total 75776K, used 17237K [0x0000000082000000, 0x0000000086a00000, 0x00000000d6000000)
  object space 75776K, 22% used [0x0000000082000000,0x00000000830d5690,0x0000000086a00000)
 Metaspace       used 42764K, capacity 44648K, committed 44928K, reserved 1087488K
  class space    used 5809K, capacity 6158K, committed 6272K, reserved 1048576K
}
Event: 15.117 GC heap before
{Heap before GC invocations=13 (full 2):
 PSYoungGen      total 273408K, used 273398K [0x00000000d6000000, 0x00000000e8700000, 0x0000000100000000)
  eden space 260096K, 100% used [0x00000000d6000000,0x00000000e5e00000,0x00000000e5e00000)
  from space 13312K, 99% used [0x00000000e6d00000,0x00000000e79fd9c8,0x00000000e7a00000)
  to   space 15360K, 0% used [0x00000000e5e00000,0x00000000e5e00000,0x00000000e6d00000)
 ParOldGen       total 75776K, used 17237K [0x0000000082000000, 0x0000000086a00000, 0x00000000d6000000)
  object space 75776K, 22% used [0x0000000082000000,0x00000000830d5690,0x0000000086a00000)
 Metaspace       used 55483K, capacity 57502K, committed 57856K, reserved 1099776K
  class space    used 7511K, capacity 7901K, committed 7936K, reserved 1048576K
Event: 15.138 GC heap after
Heap after GC invocations=13 (full 2):
 PSYoungGen      total 275456K, used 15308K [0x00000000d6000000, 0x00000000e8700000, 0x0000000100000000)
  eden space 260096K, 0% used [0x00000000d6000000,0x00000000d6000000,0x00000000e5e00000)
  from space 15360K, 99% used [0x00000000e5e00000,0x00000000e6cf33b8,0x00000000e6d00000)
  to   space 13312K, 0% used [0x00000000e6d00000,0x00000000e6d00000,0x00000000e7a00000)
 ParOldGen       total 75776K, used 29492K [0x0000000082000000, 0x0000000086a00000, 0x00000000d6000000)
  object space 75776K, 38% used [0x0000000082000000,0x0000000083ccd130,0x0000000086a00000)
 Metaspace       used 55483K, capacity 57502K, committed 57856K, reserved 1099776K
  class space    used 7511K, capacity 7901K, committed 7936K, reserved 1048576K
}
Event: 15.301 GC heap before
{Heap before GC invocations=14 (full 2):
 PSYoungGen      total 275456K, used 47590K [0x00000000d6000000, 0x00000000e8700000, 0x0000000100000000)
  eden space 260096K, 12% used [0x00000000d6000000,0x00000000d7f86470,0x00000000e5e00000)
  from space 15360K, 99% used [0x00000000e5e00000,0x00000000e6cf33b8,0x00000000e6d00000)
  to   space 13312K, 0% used [0x00000000e6d00000,0x00000000e6d00000,0x00000000e7a00000)
 ParOldGen       total 75776K, used 29492K [0x0000000082000000, 0x0000000086a00000, 0x00000000d6000000)
  object space 75776K, 38% used [0x0000000082000000,0x0000000083ccd130,0x0000000086a00000)
 Metaspace       used 56765K, capacity 59038K, committed 59096K, reserved 1099776K
  class space    used 7714K, capacity 8143K, committed 8192K, reserved 1048576K
Event: 15.314 GC heap after
Heap after GC invocations=14 (full 2):
 PSYoungGen      total 273408K, used 1732K [0x00000000d6000000, 0x00000000e8700000, 0x0000000100000000)
  eden space 260096K, 0% used [0x00000000d6000000,0x00000000d6000000,0x00000000e5e00000)
  from space 13312K, 13% used [0x00000000e6d00000,0x00000000e6eb1100,0x00000000e7a00000)
  to   space 15360K, 0% used [0x00000000e5e00000,0x00000000e5e00000,0x00000000e6d00000)
 ParOldGen       total 75776K, used 35268K [0x0000000082000000, 0x0000000086a00000, 0x00000000d6000000)
  object space 75776K, 46% used [0x0000000082000000,0x0000000084271300,0x0000000086a00000)
 Metaspace       used 56765K, capacity 59038K, committed 59096K, reserved 1099776K
  class space    used 7714K, capacity 8143K, committed 8192K, reserved 1048576K
}
Event: 15.314 GC heap before
{Heap before GC invocations=15 (full 3):
 PSYoungGen      total 273408K, used 1732K [0x00000000d6000000, 0x00000000e8700000, 0x0000000100000000)
  eden space 260096K, 0% used [0x00000000d6000000,0x00000000d6000000,0x00000000e5e00000)
  from space 13312K, 13% used [0x00000000e6d00000,0x00000000e6eb1100,0x00000000e7a00000)
  to   space 15360K, 0% used [0x00000000e5e00000,0x00000000e5e00000,0x00000000e6d00000)
 ParOldGen       total 75776K, used 35268K [0x0000000082000000, 0x0000000086a00000, 0x00000000d6000000)
  object space 75776K, 46% used [0x0000000082000000,0x0000000084271300,0x0000000086a00000)
 Metaspace       used 56765K, capacity 59038K, committed 59096K, reserved 1099776K
  class space    used 7714K, capacity 8143K, committed 8192K, reserved 1048576K
Event: 15.531 GC heap after
Heap after GC invocations=15 (full 3):
 PSYoungGen      total 273408K, used 0K [0x00000000d6000000, 0x00000000e8700000, 0x0000000100000000)
  eden space 260096K, 0% used [0x00000000d6000000,0x00000000d6000000,0x00000000e5e00000)
  from space 13312K, 0% used [0x00000000e6d00000,0x00000000e6d00000,0x00000000e7a00000)
  to   space 15360K, 0% used [0x00000000e5e00000,0x00000000e5e00000,0x00000000e6d00000)
 ParOldGen       total 75776K, used 32131K [0x0000000082000000, 0x0000000086a00000, 0x00000000d6000000)
  object space 75776K, 42% used [0x0000000082000000,0x0000000083f60f40,0x0000000086a00000)
 Metaspace       used 56765K, capacity 59038K, committed 59096K, reserved 1099776K
  class space    used 7714K, capacity 8143K, committed 8192K, reserved 1048576K
}
Event: 16.528 GC heap before
{Heap before GC invocations=16 (full 3):
 PSYoungGen      total 273408K, used 260096K [0x00000000d6000000, 0x00000000e8700000, 0x0000000100000000)
  eden space 260096K, 100% used [0x00000000d6000000,0x00000000e5e00000,0x00000000e5e00000)
  from space 13312K, 0% used [0x00000000e6d00000,0x00000000e6d00000,0x00000000e7a00000)
  to   space 15360K, 0% used [0x00000000e5e00000,0x00000000e5e00000,0x00000000e6d00000)
 ParOldGen       total 75776K, used 32131K [0x0000000082000000, 0x0000000086a00000, 0x00000000d6000000)
  object space 75776K, 42% used [0x0000000082000000,0x0000000083f60f40,0x0000000086a00000)
 Metaspace       used 59654K, capacity 62502K, committed 62720K, reserved 1103872K
  class space    used 8191K, capacity 8683K, committed 8704K, reserved 1048576K
Event: 16.537 GC heap after
Heap after GC invocations=16 (full 3):
 PSYoungGen      total 275456K, used 9897K [0x00000000d6000000, 0x00000000e8700000, 0x0000000100000000)
  eden space 260096K, 0% used [0x00000000d6000000,0x00000000d6000000,0x00000000e5e00000)
  from space 15360K, 64% used [0x00000000e5e00000,0x00000000e67aa520,0x00000000e6d00000)
  to   space 13312K, 0% used [0x00000000e6d00000,0x00000000e6d00000,0x00000000e7a00000)
 ParOldGen       total 75776K, used 32139K [0x0000000082000000, 0x0000000086a00000, 0x00000000d6000000)
  object space 75776K, 42% used [0x0000000082000000,0x0000000083f62f40,0x0000000086a00000)
 Metaspace       used 59654K, capacity 62502K, committed 62720K, reserved 1103872K
  class space    used 8191K, capacity 8683K, committed 8704K, reserved 1048576K
}

